"r","3","C:\Users\Brady\AppData\Local\Programs\Python\Python310\python.exe ""C:/Users/Brady/Desktop/Python Projects/CS 1400 K. Brady Christianson 2022/Christianson-Brady-Assn12/Chess Moves.py""",,"PythonRunner",,"7534","1"
"o","3",,"	0 . . . * . . * . 
",,"stdout","7535","1"
"o","3",,"	  0 1 2 3 4 5 6 7 
",,"stdout","7535","1"
"o","3",,"
",,"stdout","7535","1"
"o","3",,"	   ? at (6, 1)
",,"stdout","7535","1"
"o","3",,"	7 . . . . . . . . 
",,"stdout","7535","1"
"o","3",,"	6 . . . . . . . . 
",,"stdout","7535","1"
"o","3",,"	5 . . . . . . . . 
",,"stdout","7535","1"
"o","3",,"	4 . . . . . . . . 
",,"stdout","7536","1"
"o","3",,"	3 . . . . . . . . 
",,"stdout","7536","1"
"o","3",,"	2 . . . . . * * * 
",,"stdout","7536","1"
"o","3",,"	1 . . . . . * ? * 
",,"stdout","7536","1"
"o","3",,"	0 . . . . . * * * 
",,"stdout","7536","1"
"o","3",,"	  0 1 2 3 4 5 6 7 
",,"stdout","7536","1"
"o","3",,"
",,"stdout","7536","1"
"o","3",,"	   ? at (2, 4)
",,"stdout","7536","1"
"o","3",,"	7 . . * . . * . . 
",,"stdout","7536","1"
"o","3",,"	6 * . * . * . . . 
",,"stdout","7536","1"
"o","3",,"	5 . * * * . . . . 
",,"stdout","7536","1"
"o","3",,"	4 * * ? * * * * * 
",,"stdout","7536","1"
"o","3",,"	3 . * * * . . . . 
",,"stdout","7536","1"
"o","3",,"	2 * . * . * . . . 
",,"stdout","7536","1"
"o","3",,"	1 . . * . . * . . 
",,"stdout","7536","1"
"o","3",,"	0 . . * . . . * . 
",,"stdout","7536","1"
"o","3",,"	  0 1 2 3 4 5 6 7 
",,"stdout","7536","1"
"o","3",,"
",,"stdout","7536","1"
"o","3",,"	   ? at (6, 0)
",,"stdout","7536","1"
"o","3",,"	7 . . . . . . . . 
",,"stdout","7536","1"
"o","3",,"	6 * . . . . . . . 
",,"stdout","7536","1"
"o","3",,"	5 . * . . . . . . 
",,"stdout","7536","1"
"o","3",,"	4 . . * . . . . . 
",,"stdout","7536","1"
"o","3",,"	3 . . . * . . . . 
",,"stdout","7536","1"
"o","3",,"	2 . . . . * . . . 
",,"stdout","7536","1"
"o","3",,"	1 . . . . . * . * 
",,"stdout","7536","1"
"o","3",,"	0 . . . . . . ? . 
",,"stdout","7536","1"
"o","3",,"	  0 1 2 3 4 5 6 7 
",,"stdout","7536","1"
"o","3",,"
",,"stdout","7536","1"
"o","3",,"	   ? at (3, 0)
",,"stdout","7536","1"
"o","3",,"	7 . . . . . . . . 
",,"stdout","7536","1"
"o","3",,"	6 . . . . . . . . 
",,"stdout","7536","1"
"o","3",,"	5 . . . . . . . . 
",,"stdout","7536","1"
"o","3",,"	4 . . . . . . . . 
",,"stdout","7536","1"
"o","3",,"	3 . . . . . . . . 
",,"stdout","7536","1"
"o","3",,"	2 . . . . . . . . 
",,"stdout","7537","1"
"o","3",,"	1 . . * * * . . . 
",,"stdout","7537","1"
"o","3",,"	0 . . * ? * . . . 
",,"stdout","7537","1"
"o","3",,"	  0 1 2 3 4 5 6 7 
",,"stdout","7537","1"
"o","3",,"
",,"stdout","7537","1"
"o","3",,"
Process finished with exit code 0
",,"system","7538","1"
