"a","Outside edit","","","1666463011685",".gitignore","1.1.1 for 2021-2022 @t1","5"
"a","Outside edit","","","1666463011701","Plan.md","1.1.1 for 2021-2022 @t1","5"
"a","Outside edit","","","1666463011701","Signature.md","1.1.1 for 2021-2022 @t1","5"
"a","Outside edit","","","1666463011701","bigData.py","1.1.1 for 2021-2022 @t1","5"
"a","Outside edit","","","1666463011732","README.md","1.1.1 for 2021-2022 @t1","5"
"a","Outside edit","","","1666463011732","output.txt","1.1.1 for 2021-2022 @t1","5"
"a","Outside edit","","","1666463011732","README.md","1.1.1 for 2021-2022 @t1","5"
"a","Outside edit","","","1666463011732","README.md","1.1.1 for 2021-2022 @t1","5"
"a","Outside edit","","","1666463011732","README.md","1.1.1 for 2021-2022 @t1","5"
"a","Outside edit","","","1666463011732","README.md","1.1.1 for 2021-2022 @t1","5"
"a","ShowYourWork Init","","","000","ShowYourWork Init","1.1.1 for 2021-2022 @t1","0"
"a","Outside edit","","","1666561461956","Plan.md","1.1.1 for 2021-2022 @t1","-1"
"a","Outside edit","","","1666561462050","Signature.md","1.1.1 for 2021-2022 @t1","-1"
"a","Outside edit","","","1666561462253","Manual.md","1.1.1 for 2021-2022 @t1","-1"
"a","ShowYourWork Init","","","000","ShowYourWork Init","1.1.1 for 2021-2022 @t1","1"
"a","Outside edit","","","1667089312488","Plan.md","1.1.1 for 2021-2022 @t1","-1"
"a","Outside edit","","","1667089312774","README.md","1.1.1 for 2021-2022 @t1","-1"
"a","ShowYourWork Init","","","000","ShowYourWork Init","1.1.1 for 2021-2022 @t1","2"
"a","Outside edit","","","1667260345806","Plan.md","1.1.1 for 2021-2022 @t1","-1"
"a","Outside edit","","","1667260346023","Signature.md","1.1.1 for 2021-2022 @t1","-1"
"a","Outside edit","","","1667260346658","testCard.py","1.1.1 for 2021-2022 @t1","-1"
"a","Outside edit","","","1667260346726","Card.py","1.1.1 for 2021-2022 @t1","-1"
"a","Outside edit","","","1667260346871","UserInterface.py","1.1.1 for 2021-2022 @t1","-1"
"a","ShowYourWork Init","","","000","ShowYourWork Init","1.1.1 for 2021-2022 @t1","3"
