"a","Outside edit","","","1670185694481",".gitignore","1.1.1 for 2021-2022 @t1","9"
"a","Outside edit","","","1670185694493","Plan.md","1.1.1 for 2021-2022 @t1","9"
"a","Outside edit","","","1670185694503","Signature.md","1.1.1 for 2021-2022 @t1","9"
"a","Outside edit","","","1670185694506","bigData.py","1.1.1 for 2021-2022 @t1","9"
"a","Outside edit","","","1670185694551","README.md","1.1.1 for 2021-2022 @t1","9"
"a","Outside edit","","","1670185694554","output.txt","1.1.1 for 2021-2022 @t1","9"
"a","Outside edit","","","1670185694556","README.md","1.1.1 for 2021-2022 @t1","9"
"a","Outside edit","","","1670185694559","README.md","1.1.1 for 2021-2022 @t1","9"
"a","Outside edit","","","1670185694562","README.md","1.1.1 for 2021-2022 @t1","9"
"a","Outside edit","","","1670185694564","README.md","1.1.1 for 2021-2022 @t1","9"
"a","Outside edit","","","1670185694575","Manual.md","1.1.1 for 2021-2022 @t1","9"
"a","Outside edit","","","1670185694578","RandNumberSet.py","1.1.1 for 2021-2022 @t1","9"
"a","Outside edit","","","1670185694581","testCard.py","1.1.1 for 2021-2022 @t1","9"
"a","Outside edit","","","1670185694584","Card.py","1.1.1 for 2021-2022 @t1","9"
"a","Outside edit","","","1670185694587","Deck.py","1.1.1 for 2021-2022 @t1","9"
"a","Outside edit","","","1670185694590","UserInterface.py","1.1.1 for 2021-2022 @t1","9"
"a","Outside edit","","","1670185694593","Plan-5.0.md","1.1.1 for 2021-2022 @t1","9"
"a","Outside edit","","","1670185694596","README-5.0.md","1.1.1 for 2021-2022 @t1","9"
"a","Outside edit","","","1670185694599","Smells.md","1.1.1 for 2021-2022 @t1","9"
"a","Outside edit","","","1670185694601","mbrot_fractal.py","1.1.1 for 2021-2022 @t1","9"
"a","Outside edit","","","1670185694603","TestPhoenix.py","1.1.1 for 2021-2022 @t1","9"
"a","Outside edit","","","1670185694606","main.py","1.1.1 for 2021-2022 @t1","9"
"a","Outside edit","","","1670185694609","phoenix_fractal.py","1.1.1 for 2021-2022 @t1","9"
"a","Outside edit","","","1670185694611","Palette.py","1.1.1 for 2021-2022 @t1","9"
"a","Outside edit","","","1670185694615","FractalInformation.py","1.1.1 for 2021-2022 @t1","9"
"a","Outside edit","","","1670185694618","ImagePainter.py","1.1.1 for 2021-2022 @t1","9"
"a","Outside edit","","","1670185694620","interactive.py","1.1.1 for 2021-2022 @t1","9"
"a","Outside edit","","","1670185694623","Mandelbrot.py","1.1.1 for 2021-2022 @t1","9"
"a","Outside edit","","","1670185694626","Phoenix.py","1.1.1 for 2021-2022 @t1","9"
"a","Outside edit","","","1670185694628","TestMandelbrot.py","1.1.1 for 2021-2022 @t1","9"
"a","Outside edit","","","1670185694631","Game of Life.py","1.1.1 for 2021-2022 @t1","9"
"a","Outside edit","","","1670185694634","Plan-5.1.md","1.1.1 for 2021-2022 @t1","9"
"a","Outside edit","","","1670185694637","README-5.1.md","1.1.1 for 2021-2022 @t1","9"
"a","Outside edit","","","1670185694639","FractalParser.py","1.1.1 for 2021-2022 @t1","9"
"a","ShowYourWork Init","","","000","ShowYourWork Init","1.1.1 for 2021-2022 @t1","0"
"a","ShowYourWork Init","","","000","ShowYourWork Init","1.1.1 for 2021-2022 @t1","1"
